2024-07-11 11:31:26.160  WARN 34936 --- [main] ConfigServletWebServerApplicationContext : Exception encountered during context initialization - cancelling refresh attempt: org.springframework.context.ApplicationContextException: Failed to start bean 'webServerStartStop'; nested exception is org.springframework.boot.web.server.PortInUseException: Port 8082 is already in use
2024-07-11 11:31:26.258 ERROR 34936 --- [main] o.s.b.d.LoggingFailureAnalysisReporter   : 

***************************
APPLICATION FAILED TO START
***************************

Description:

Web server failed to start. Port 8082 was already in use.

Action:

Identify and stop the process that's listening on port 8082 or configure this application to listen on another port.

2024-07-11 11:32:32.581  WARN 34804 --- [http-nio-8082-exec-1] com.qfx.controller.BookController        : i
2024-07-11 11:32:32.582 ERROR 34804 --- [http-nio-8082-exec-1] com.qfx.controller.BookController        : error
2024-07-11 11:39:22.246  WARN 37008 --- [main] ConfigServletWebServerApplicationContext : Exception encountered during context initialization - cancelling refresh attempt: org.springframework.context.ApplicationContextException: Failed to start bean 'webServerStartStop'; nested exception is org.springframework.boot.web.server.PortInUseException: Port 8081 is already in use
2024-07-11 11:39:22.266 ERROR 37008 --- [main] o.s.b.d.LoggingFailureAnalysisReporter   : 

***************************
APPLICATION FAILED TO START
***************************

Description:

Web server failed to start. Port 8081 was already in use.

Action:

Identify and stop the process that's listening on port 8081 or configure this application to listen on another port.

2024-07-11 11:39:54.614  WARN 16876 --- [main] ConfigServletWebServerApplicationContext : Exception encountered during context initialization - cancelling refresh attempt: org.springframework.context.ApplicationContextException: Failed to start bean 'webServerStartStop'; nested exception is org.springframework.boot.web.server.PortInUseException: Port 8081 is already in use
2024-07-11 11:39:54.635 ERROR 16876 --- [main] o.s.b.d.LoggingFailureAnalysisReporter   : 

***************************
APPLICATION FAILED TO START
***************************

Description:

Web server failed to start. Port 8081 was already in use.

Action:

Identify and stop the process that's listening on port 8081 or configure this application to listen on another port.

2024-07-11 11:42:01.466  WARN 22452 --- [http-nio-8080-exec-1] com.qfx.controller.BookController        : i
2024-07-11 11:42:01.468 ERROR 22452 --- [http-nio-8080-exec-1] com.qfx.controller.BookController        : error
2024-07-11 11:42:16.217  WARN 22452 --- [http-nio-8080-exec-2] com.qfx.controller.BookController        : i
2024-07-11 11:42:16.217 ERROR 22452 --- [http-nio-8080-exec-2] com.qfx.controller.BookController        : error
2024-07-11 11:42:16.775  WARN 22452 --- [http-nio-8080-exec-3] com.qfx.controller.BookController        : i
2024-07-11 11:42:16.775 ERROR 22452 --- [http-nio-8080-exec-3] com.qfx.controller.BookController        : error
2024-07-11 11:42:17.194  WARN 22452 --- [http-nio-8080-exec-4] com.qfx.controller.BookController        : i
2024-07-11 11:42:17.194 ERROR 22452 --- [http-nio-8080-exec-4] com.qfx.controller.BookController        : error
2024-07-11 11:42:17.522  WARN 22452 --- [http-nio-8080-exec-10] com.qfx.controller.BookController        : i
2024-07-11 11:42:17.522 ERROR 22452 --- [http-nio-8080-exec-10] com.qfx.controller.BookController        : error
2024-07-11 11:42:17.707  WARN 22452 --- [http-nio-8080-exec-6] com.qfx.controller.BookController        : i
2024-07-11 11:42:17.707 ERROR 22452 --- [http-nio-8080-exec-6] com.qfx.controller.BookController        : error
2024-07-11 11:42:17.882  WARN 22452 --- [http-nio-8080-exec-7] com.qfx.controller.BookController        : i
2024-07-11 11:42:17.882 ERROR 22452 --- [http-nio-8080-exec-7] com.qfx.controller.BookController        : error
2024-07-11 11:42:18.053  WARN 22452 --- [http-nio-8080-exec-8] com.qfx.controller.BookController        : i
2024-07-11 11:42:18.053 ERROR 22452 --- [http-nio-8080-exec-8] com.qfx.controller.BookController        : error
2024-07-11 11:42:18.253  WARN 22452 --- [http-nio-8080-exec-9] com.qfx.controller.BookController        : i
2024-07-11 11:42:18.254 ERROR 22452 --- [http-nio-8080-exec-9] com.qfx.controller.BookController        : error
2024-07-11 11:42:18.424  WARN 22452 --- [http-nio-8080-exec-5] com.qfx.controller.BookController        : i
2024-07-11 11:42:18.424 ERROR 22452 --- [http-nio-8080-exec-5] com.qfx.controller.BookController        : error
2024-07-11 11:42:18.600  WARN 22452 --- [http-nio-8080-exec-1] com.qfx.controller.BookController        : i
2024-07-11 11:42:18.600 ERROR 22452 --- [http-nio-8080-exec-1] com.qfx.controller.BookController        : error
2024-07-11 11:42:18.769  WARN 22452 --- [http-nio-8080-exec-2] com.qfx.controller.BookController        : i
2024-07-11 11:42:18.769 ERROR 22452 --- [http-nio-8080-exec-2] com.qfx.controller.BookController        : error
2024-07-11 11:42:18.934  WARN 22452 --- [http-nio-8080-exec-3] com.qfx.controller.BookController        : i
2024-07-11 11:42:18.934 ERROR 22452 --- [http-nio-8080-exec-3] com.qfx.controller.BookController        : error
2024-07-11 11:42:19.101  WARN 22452 --- [http-nio-8080-exec-4] com.qfx.controller.BookController        : i
2024-07-11 11:42:19.101 ERROR 22452 --- [http-nio-8080-exec-4] com.qfx.controller.BookController        : error
2024-07-11 11:42:19.274  WARN 22452 --- [http-nio-8080-exec-10] com.qfx.controller.BookController        : i
2024-07-11 11:42:19.274 ERROR 22452 --- [http-nio-8080-exec-10] com.qfx.controller.BookController        : error
2024-07-11 11:42:19.415  WARN 22452 --- [http-nio-8080-exec-6] com.qfx.controller.BookController        : i
2024-07-11 11:42:19.415 ERROR 22452 --- [http-nio-8080-exec-6] com.qfx.controller.BookController        : error
2024-07-11 11:42:19.588  WARN 22452 --- [http-nio-8080-exec-7] com.qfx.controller.BookController        : i
2024-07-11 11:42:19.588 ERROR 22452 --- [http-nio-8080-exec-7] com.qfx.controller.BookController        : error
2024-07-11 11:42:19.742  WARN 22452 --- [http-nio-8080-exec-8] com.qfx.controller.BookController        : i
2024-07-11 11:42:19.742 ERROR 22452 --- [http-nio-8080-exec-8] com.qfx.controller.BookController        : error
2024-07-11 11:42:19.916  WARN 22452 --- [http-nio-8080-exec-9] com.qfx.controller.BookController        : i
2024-07-11 11:42:19.916 ERROR 22452 --- [http-nio-8080-exec-9] com.qfx.controller.BookController        : error
2024-07-11 11:42:20.086  WARN 22452 --- [http-nio-8080-exec-5] com.qfx.controller.BookController        : i
2024-07-11 11:42:20.086 ERROR 22452 --- [http-nio-8080-exec-5] com.qfx.controller.BookController        : error
2024-07-11 11:42:20.247  WARN 22452 --- [http-nio-8080-exec-1] com.qfx.controller.BookController        : i
2024-07-11 11:42:20.247 ERROR 22452 --- [http-nio-8080-exec-1] com.qfx.controller.BookController        : error
2024-07-11 11:42:20.399  WARN 22452 --- [http-nio-8080-exec-2] com.qfx.controller.BookController        : i
2024-07-11 11:42:20.399 ERROR 22452 --- [http-nio-8080-exec-2] com.qfx.controller.BookController        : error
2024-07-11 11:42:20.570  WARN 22452 --- [http-nio-8080-exec-3] com.qfx.controller.BookController        : i
2024-07-11 11:42:20.570 ERROR 22452 --- [http-nio-8080-exec-3] com.qfx.controller.BookController        : error
2024-07-11 11:42:20.718  WARN 22452 --- [http-nio-8080-exec-4] com.qfx.controller.BookController        : i
2024-07-11 11:42:20.718 ERROR 22452 --- [http-nio-8080-exec-4] com.qfx.controller.BookController        : error
2024-07-11 11:42:20.905  WARN 22452 --- [http-nio-8080-exec-10] com.qfx.controller.BookController        : i
2024-07-11 11:42:20.905 ERROR 22452 --- [http-nio-8080-exec-10] com.qfx.controller.BookController        : error
2024-07-11 11:42:21.074  WARN 22452 --- [http-nio-8080-exec-6] com.qfx.controller.BookController        : i
2024-07-11 11:42:21.074 ERROR 22452 --- [http-nio-8080-exec-6] com.qfx.controller.BookController        : error
2024-07-11 11:42:21.269  WARN 22452 --- [http-nio-8080-exec-7] com.qfx.controller.BookController        : i
2024-07-11 11:42:21.269 ERROR 22452 --- [http-nio-8080-exec-7] com.qfx.controller.BookController        : error
2024-07-11 11:42:21.461  WARN 22452 --- [http-nio-8080-exec-8] com.qfx.controller.BookController        : i
2024-07-11 11:42:21.462 ERROR 22452 --- [http-nio-8080-exec-8] com.qfx.controller.BookController        : error
2024-07-11 11:42:21.636  WARN 22452 --- [http-nio-8080-exec-9] com.qfx.controller.BookController        : i
2024-07-11 11:42:21.636 ERROR 22452 --- [http-nio-8080-exec-9] com.qfx.controller.BookController        : error
2024-07-11 11:42:21.795  WARN 22452 --- [http-nio-8080-exec-5] com.qfx.controller.BookController        : i
2024-07-11 11:42:21.795 ERROR 22452 --- [http-nio-8080-exec-5] com.qfx.controller.BookController        : error
2024-07-11 11:42:21.958  WARN 22452 --- [http-nio-8080-exec-1] com.qfx.controller.BookController        : i
2024-07-11 11:42:21.959 ERROR 22452 --- [http-nio-8080-exec-1] com.qfx.controller.BookController        : error
2024-07-11 11:42:22.130  WARN 22452 --- [http-nio-8080-exec-2] com.qfx.controller.BookController        : i
2024-07-11 11:42:22.130 ERROR 22452 --- [http-nio-8080-exec-2] com.qfx.controller.BookController        : error
2024-07-11 11:42:22.296  WARN 22452 --- [http-nio-8080-exec-3] com.qfx.controller.BookController        : i
2024-07-11 11:42:22.297 ERROR 22452 --- [http-nio-8080-exec-3] com.qfx.controller.BookController        : error
2024-07-11 11:42:22.470  WARN 22452 --- [http-nio-8080-exec-4] com.qfx.controller.BookController        : i
2024-07-11 11:42:22.470 ERROR 22452 --- [http-nio-8080-exec-4] com.qfx.controller.BookController        : error
2024-07-11 11:42:22.649  WARN 22452 --- [http-nio-8080-exec-10] com.qfx.controller.BookController        : i
2024-07-11 11:42:22.650 ERROR 22452 --- [http-nio-8080-exec-10] com.qfx.controller.BookController        : error
2024-07-11 11:42:22.804  WARN 22452 --- [http-nio-8080-exec-6] com.qfx.controller.BookController        : i
2024-07-11 11:42:22.804 ERROR 22452 --- [http-nio-8080-exec-6] com.qfx.controller.BookController        : error
2024-07-11 11:42:22.966  WARN 22452 --- [http-nio-8080-exec-7] com.qfx.controller.BookController        : i
2024-07-11 11:42:22.966 ERROR 22452 --- [http-nio-8080-exec-7] com.qfx.controller.BookController        : error
2024-07-11 11:42:23.129  WARN 22452 --- [http-nio-8080-exec-8] com.qfx.controller.BookController        : i
2024-07-11 11:42:23.130 ERROR 22452 --- [http-nio-8080-exec-8] com.qfx.controller.BookController        : error
2024-07-11 11:42:23.301  WARN 22452 --- [http-nio-8080-exec-9] com.qfx.controller.BookController        : i
2024-07-11 11:42:23.301 ERROR 22452 --- [http-nio-8080-exec-9] com.qfx.controller.BookController        : error
2024-07-11 11:42:23.454  WARN 22452 --- [http-nio-8080-exec-5] com.qfx.controller.BookController        : i
2024-07-11 11:42:23.454 ERROR 22452 --- [http-nio-8080-exec-5] com.qfx.controller.BookController        : error
2024-07-11 11:42:23.609  WARN 22452 --- [http-nio-8080-exec-1] com.qfx.controller.BookController        : i
2024-07-11 11:42:23.609 ERROR 22452 --- [http-nio-8080-exec-1] com.qfx.controller.BookController        : error
2024-07-11 11:42:23.783  WARN 22452 --- [http-nio-8080-exec-2] com.qfx.controller.BookController        : i
2024-07-11 11:42:23.784 ERROR 22452 --- [http-nio-8080-exec-2] com.qfx.controller.BookController        : error
2024-07-11 11:42:23.956  WARN 22452 --- [http-nio-8080-exec-3] com.qfx.controller.BookController        : i
2024-07-11 11:42:23.956 ERROR 22452 --- [http-nio-8080-exec-3] com.qfx.controller.BookController        : error
2024-07-11 11:42:24.112  WARN 22452 --- [http-nio-8080-exec-4] com.qfx.controller.BookController        : i
2024-07-11 11:42:24.112 ERROR 22452 --- [http-nio-8080-exec-4] com.qfx.controller.BookController        : error
2024-07-11 11:42:24.288  WARN 22452 --- [http-nio-8080-exec-10] com.qfx.controller.BookController        : i
2024-07-11 11:42:24.288 ERROR 22452 --- [http-nio-8080-exec-10] com.qfx.controller.BookController        : error
2024-07-11 11:42:24.462  WARN 22452 --- [http-nio-8080-exec-6] com.qfx.controller.BookController        : i
2024-07-11 11:42:24.462 ERROR 22452 --- [http-nio-8080-exec-6] com.qfx.controller.BookController        : error
2024-07-11 11:42:24.627  WARN 22452 --- [http-nio-8080-exec-7] com.qfx.controller.BookController        : i
2024-07-11 11:42:24.627 ERROR 22452 --- [http-nio-8080-exec-7] com.qfx.controller.BookController        : error
2024-07-11 11:42:24.799  WARN 22452 --- [http-nio-8080-exec-8] com.qfx.controller.BookController        : i
2024-07-11 11:42:24.799 ERROR 22452 --- [http-nio-8080-exec-8] com.qfx.controller.BookController        : error
2024-07-11 11:42:24.958  WARN 22452 --- [http-nio-8080-exec-9] com.qfx.controller.BookController        : i
2024-07-11 11:42:24.958 ERROR 22452 --- [http-nio-8080-exec-9] com.qfx.controller.BookController        : error
2024-07-11 11:42:25.134  WARN 22452 --- [http-nio-8080-exec-5] com.qfx.controller.BookController        : i
2024-07-11 11:42:25.134 ERROR 22452 --- [http-nio-8080-exec-5] com.qfx.controller.BookController        : error
2024-07-11 11:42:25.314  WARN 22452 --- [http-nio-8080-exec-1] com.qfx.controller.BookController        : i
2024-07-11 11:42:25.315 ERROR 22452 --- [http-nio-8080-exec-1] com.qfx.controller.BookController        : error
2024-07-11 11:42:25.500  WARN 22452 --- [http-nio-8080-exec-2] com.qfx.controller.BookController        : i
2024-07-11 11:42:25.500 ERROR 22452 --- [http-nio-8080-exec-2] com.qfx.controller.BookController        : error
2024-07-11 11:42:25.677  WARN 22452 --- [http-nio-8080-exec-3] com.qfx.controller.BookController        : i
2024-07-11 11:42:25.677 ERROR 22452 --- [http-nio-8080-exec-3] com.qfx.controller.BookController        : error
2024-07-11 11:42:25.848  WARN 22452 --- [http-nio-8080-exec-4] com.qfx.controller.BookController        : i
2024-07-11 11:42:25.849 ERROR 22452 --- [http-nio-8080-exec-4] com.qfx.controller.BookController        : error
2024-07-11 11:44:01.269  WARN 36100 --- [main] ConfigServletWebServerApplicationContext : Exception encountered during context initialization - cancelling refresh attempt: org.springframework.context.ApplicationContextException: Failed to start bean 'webServerStartStop'; nested exception is org.springframework.boot.web.server.PortInUseException: Port 8081 is already in use
2024-07-11 11:44:01.294 ERROR 36100 --- [main] o.s.b.d.LoggingFailureAnalysisReporter   : 

***************************
APPLICATION FAILED TO START
***************************

Description:

Web server failed to start. Port 8081 was already in use.

Action:

Identify and stop the process that's listening on port 8081 or configure this application to listen on another port.

2024-07-11 11:44:35.804  WARN 37340 --- [main] ConfigServletWebServerApplicationContext : Exception encountered during context initialization - cancelling refresh attempt: org.springframework.context.ApplicationContextException: Failed to start bean 'webServerStartStop'; nested exception is org.springframework.boot.web.server.PortInUseException: Port 8081 is already in use
2024-07-11 11:44:35.829 ERROR 37340 --- [main] o.s.b.d.LoggingFailureAnalysisReporter   : 

***************************
APPLICATION FAILED TO START
***************************

Description:

Web server failed to start. Port 8081 was already in use.

Action:

Identify and stop the process that's listening on port 8081 or configure this application to listen on another port.

2024-07-11 11:45:09.539  WARN 35476 --- [main] ConfigServletWebServerApplicationContext : Exception encountered during context initialization - cancelling refresh attempt: org.springframework.context.ApplicationContextException: Failed to start bean 'webServerStartStop'; nested exception is org.springframework.boot.web.server.PortInUseException: Port 8081 is already in use
2024-07-11 11:45:09.565 ERROR 35476 --- [main] o.s.b.d.LoggingFailureAnalysisReporter   : 

***************************
APPLICATION FAILED TO START
***************************

Description:

Web server failed to start. Port 8081 was already in use.

Action:

Identify and stop the process that's listening on port 8081 or configure this application to listen on another port.

2024-07-11 11:48:08.175  WARN 37240 --- [http-nio-8080-exec-1] com.qfx.controller.BookController        : i
2024-07-11 11:48:08.180 ERROR 37240 --- [http-nio-8080-exec-1] com.qfx.controller.BookController        : error
2024-07-11 11:48:10.319  WARN 37240 --- [http-nio-8080-exec-2] com.qfx.controller.BookController        : i
2024-07-11 11:48:10.321 ERROR 37240 --- [http-nio-8080-exec-2] com.qfx.controller.BookController        : error
2024-07-11 11:48:11.210  WARN 37240 --- [http-nio-8080-exec-3] com.qfx.controller.BookController        : i
2024-07-11 11:48:11.212 ERROR 37240 --- [http-nio-8080-exec-3] com.qfx.controller.BookController        : error
2024-07-11 11:48:11.410  WARN 37240 --- [http-nio-8080-exec-4] com.qfx.controller.BookController        : i
2024-07-11 11:48:11.410 ERROR 37240 --- [http-nio-8080-exec-4] com.qfx.controller.BookController        : error
2024-07-11 11:48:11.596  WARN 37240 --- [http-nio-8080-exec-5] com.qfx.controller.BookController        : i
2024-07-11 11:48:11.596 ERROR 37240 --- [http-nio-8080-exec-5] com.qfx.controller.BookController        : error
2024-07-11 11:48:11.782  WARN 37240 --- [http-nio-8080-exec-6] com.qfx.controller.BookController        : i
2024-07-11 11:48:11.782 ERROR 37240 --- [http-nio-8080-exec-6] com.qfx.controller.BookController        : error
2024-07-11 11:48:11.957  WARN 37240 --- [http-nio-8080-exec-7] com.qfx.controller.BookController        : i
2024-07-11 11:48:11.957 ERROR 37240 --- [http-nio-8080-exec-7] com.qfx.controller.BookController        : error
2024-07-11 11:48:12.146  WARN 37240 --- [http-nio-8080-exec-8] com.qfx.controller.BookController        : i
2024-07-11 11:48:12.146 ERROR 37240 --- [http-nio-8080-exec-8] com.qfx.controller.BookController        : error
2024-07-11 11:48:12.323  WARN 37240 --- [http-nio-8080-exec-9] com.qfx.controller.BookController        : i
2024-07-11 11:48:12.323 ERROR 37240 --- [http-nio-8080-exec-9] com.qfx.controller.BookController        : error
2024-07-11 11:48:12.521  WARN 37240 --- [http-nio-8080-exec-10] com.qfx.controller.BookController        : i
2024-07-11 11:48:12.521 ERROR 37240 --- [http-nio-8080-exec-10] com.qfx.controller.BookController        : error
2024-07-11 11:48:12.675  WARN 37240 --- [http-nio-8080-exec-1] com.qfx.controller.BookController        : i
2024-07-11 11:48:12.675 ERROR 37240 --- [http-nio-8080-exec-1] com.qfx.controller.BookController        : error
2024-07-11 11:48:12.847  WARN 37240 --- [http-nio-8080-exec-2] com.qfx.controller.BookController        : i
2024-07-11 11:48:12.847 ERROR 37240 --- [http-nio-8080-exec-2] com.qfx.controller.BookController        : error
2024-07-11 11:48:13.034  WARN 37240 --- [http-nio-8080-exec-3] com.qfx.controller.BookController        : i
2024-07-11 11:48:13.034 ERROR 37240 --- [http-nio-8080-exec-3] com.qfx.controller.BookController        : error
2024-07-11 11:48:13.206  WARN 37240 --- [http-nio-8080-exec-4] com.qfx.controller.BookController        : i
2024-07-11 11:48:13.206 ERROR 37240 --- [http-nio-8080-exec-4] com.qfx.controller.BookController        : error
2024-07-11 11:48:13.371  WARN 37240 --- [http-nio-8080-exec-5] com.qfx.controller.BookController        : i
2024-07-11 11:48:13.371 ERROR 37240 --- [http-nio-8080-exec-5] com.qfx.controller.BookController        : error
2024-07-11 11:48:13.532  WARN 37240 --- [http-nio-8080-exec-6] com.qfx.controller.BookController        : i
2024-07-11 11:48:13.532 ERROR 37240 --- [http-nio-8080-exec-6] com.qfx.controller.BookController        : error
2024-07-11 11:48:13.699  WARN 37240 --- [http-nio-8080-exec-7] com.qfx.controller.BookController        : i
2024-07-11 11:48:13.700 ERROR 37240 --- [http-nio-8080-exec-7] com.qfx.controller.BookController        : error
2024-07-11 11:48:13.852  WARN 37240 --- [http-nio-8080-exec-8] com.qfx.controller.BookController        : i
2024-07-11 11:48:13.852 ERROR 37240 --- [http-nio-8080-exec-8] com.qfx.controller.BookController        : error
2024-07-11 11:48:14.042  WARN 37240 --- [http-nio-8080-exec-9] com.qfx.controller.BookController        : i
2024-07-11 11:48:14.042 ERROR 37240 --- [http-nio-8080-exec-9] com.qfx.controller.BookController        : error
2024-07-11 11:48:14.207  WARN 37240 --- [http-nio-8080-exec-10] com.qfx.controller.BookController        : i
2024-07-11 11:48:14.207 ERROR 37240 --- [http-nio-8080-exec-10] com.qfx.controller.BookController        : error
2024-07-11 11:48:14.365  WARN 37240 --- [http-nio-8080-exec-1] com.qfx.controller.BookController        : i
2024-07-11 11:48:14.366 ERROR 37240 --- [http-nio-8080-exec-1] com.qfx.controller.BookController        : error
2024-07-11 11:48:14.531  WARN 37240 --- [http-nio-8080-exec-2] com.qfx.controller.BookController        : i
2024-07-11 11:48:14.531 ERROR 37240 --- [http-nio-8080-exec-2] com.qfx.controller.BookController        : error
2024-07-11 11:48:14.704  WARN 37240 --- [http-nio-8080-exec-3] com.qfx.controller.BookController        : i
2024-07-11 11:48:14.711 ERROR 37240 --- [http-nio-8080-exec-3] com.qfx.controller.BookController        : error
2024-07-11 11:48:14.866  WARN 37240 --- [http-nio-8080-exec-4] com.qfx.controller.BookController        : i
2024-07-11 11:48:14.866 ERROR 37240 --- [http-nio-8080-exec-4] com.qfx.controller.BookController        : error
2024-07-11 11:48:15.054  WARN 37240 --- [http-nio-8080-exec-5] com.qfx.controller.BookController        : i
2024-07-11 11:48:15.054 ERROR 37240 --- [http-nio-8080-exec-5] com.qfx.controller.BookController        : error
2024-07-11 11:48:15.211  WARN 37240 --- [http-nio-8080-exec-6] com.qfx.controller.BookController        : i
2024-07-11 11:48:15.211 ERROR 37240 --- [http-nio-8080-exec-6] com.qfx.controller.BookController        : error
2024-07-11 11:48:15.374  WARN 37240 --- [http-nio-8080-exec-7] com.qfx.controller.BookController        : i
2024-07-11 11:48:15.374 ERROR 37240 --- [http-nio-8080-exec-7] com.qfx.controller.BookController        : error
2024-07-11 11:48:15.532  WARN 37240 --- [http-nio-8080-exec-8] com.qfx.controller.BookController        : i
2024-07-11 11:48:15.532 ERROR 37240 --- [http-nio-8080-exec-8] com.qfx.controller.BookController        : error
2024-07-11 11:48:15.704  WARN 37240 --- [http-nio-8080-exec-9] com.qfx.controller.BookController        : i
2024-07-11 11:48:15.705 ERROR 37240 --- [http-nio-8080-exec-9] com.qfx.controller.BookController        : error
2024-07-11 11:48:15.867  WARN 37240 --- [http-nio-8080-exec-10] com.qfx.controller.BookController        : i
2024-07-11 11:48:15.867 ERROR 37240 --- [http-nio-8080-exec-10] com.qfx.controller.BookController        : error
2024-07-11 11:52:11.208  WARN 32928 --- [http-nio-8080-exec-1] com.qfx.controller.BookController        : i
2024-07-11 11:52:11.213 ERROR 32928 --- [http-nio-8080-exec-1] com.qfx.controller.BookController        : error
2024-07-11 11:52:13.562  WARN 32928 --- [http-nio-8080-exec-2] com.qfx.controller.BookController        : i
2024-07-11 11:52:13.565 ERROR 32928 --- [http-nio-8080-exec-2] com.qfx.controller.BookController        : error
2024-07-11 11:52:14.283  WARN 32928 --- [http-nio-8080-exec-3] com.qfx.controller.BookController        : i
2024-07-11 11:52:14.283 ERROR 32928 --- [http-nio-8080-exec-3] com.qfx.controller.BookController        : error
2024-07-11 11:54:03.674  INFO 37660 --- [main] com.qfx.Springboot09SsmpApplication      : Starting Springboot09SsmpApplication using Java 1.8.0_333 on SZZW-01-0496 with PID 37660 (D:\server\javastudy\java\springboot_09_ssmp\target\classes started by qinfuxing in D:\server\javastudy\java)
2024-07-11 11:54:03.676  INFO 37660 --- [main] com.qfx.Springboot09SsmpApplication      : The following 1 profile is active: "dev"
2024-07-11 11:54:04.298  INFO 37660 --- [main] o.s.b.w.embedded.tomcat.TomcatWebServer  : Tomcat initialized with port(s): 8080 (http)
2024-07-11 11:54:04.303  INFO 37660 --- [main] o.apache.catalina.core.StandardService   : Starting service [Tomcat]
2024-07-11 11:54:04.303  INFO 37660 --- [main] org.apache.catalina.core.StandardEngine  : Starting Servlet engine: [Apache Tomcat/9.0.68]
2024-07-11 11:54:04.396  INFO 37660 --- [main] o.a.c.c.C.[Tomcat].[localhost].[/]       : Initializing Spring embedded WebApplicationContext
2024-07-11 11:54:04.396  INFO 37660 --- [main] w.s.c.ServletWebServerApplicationContext : Root WebApplicationContext: initialization completed in 695 ms
2024-07-11 11:54:04.449  INFO 37660 --- [main] c.a.d.s.b.a.DruidDataSourceAutoConfigure : Init DruidDataSource
2024-07-11 11:54:04.537  INFO 37660 --- [main] com.alibaba.druid.pool.DruidDataSource   : {dataSource-1} inited
2024-07-11 11:54:05.089  INFO 37660 --- [main] o.s.b.a.w.s.WelcomePageHandlerMapping    : Adding welcome page: class path resource [static/index.html]
2024-07-11 11:54:05.176  INFO 37660 --- [main] o.s.b.w.embedded.tomcat.TomcatWebServer  : Tomcat started on port(s): 8080 (http) with context path ''
2024-07-11 11:54:05.183  INFO 37660 --- [main] com.qfx.Springboot09SsmpApplication      : Started Springboot09SsmpApplication in 1.83 seconds (JVM running for 2.327)
2024-07-11 11:54:11.539  INFO 37660 --- [http-nio-8080-exec-1] o.a.c.c.C.[Tomcat].[localhost].[/]       : Initializing Spring DispatcherServlet 'dispatcherServlet'
2024-07-11 11:54:11.541  INFO 37660 --- [http-nio-8080-exec-1] o.s.web.servlet.DispatcherServlet        : Initializing Servlet 'dispatcherServlet'
2024-07-11 11:54:11.544  INFO 37660 --- [http-nio-8080-exec-1] o.s.web.servlet.DispatcherServlet        : Completed initialization in 1 ms
2024-07-11 11:54:11.564  INFO 37660 --- [http-nio-8080-exec-1] com.qfx.controller.BookController        : world
2024-07-11 11:54:11.565  WARN 37660 --- [http-nio-8080-exec-1] com.qfx.controller.BookController        : i
2024-07-11 11:54:11.565 ERROR 37660 --- [http-nio-8080-exec-1] com.qfx.controller.BookController        : error
2024-07-11 11:54:12.096  INFO 37660 --- [http-nio-8080-exec-2] com.qfx.controller.BookController        : world
2024-07-11 11:54:12.096  WARN 37660 --- [http-nio-8080-exec-2] com.qfx.controller.BookController        : i
2024-07-11 11:54:12.098 ERROR 37660 --- [http-nio-8080-exec-2] com.qfx.controller.BookController        : error
2024-07-11 11:54:12.292  INFO 37660 --- [http-nio-8080-exec-3] com.qfx.controller.BookController        : world
2024-07-11 11:54:12.292  WARN 37660 --- [http-nio-8080-exec-3] com.qfx.controller.BookController        : i
2024-07-11 11:54:12.292 ERROR 37660 --- [http-nio-8080-exec-3] com.qfx.controller.BookController        : error
2024-07-11 11:54:12.452  INFO 37660 --- [http-nio-8080-exec-4] com.qfx.controller.BookController        : world
2024-07-11 11:54:12.452  WARN 37660 --- [http-nio-8080-exec-4] com.qfx.controller.BookController        : i
2024-07-11 11:54:12.452 ERROR 37660 --- [http-nio-8080-exec-4] com.qfx.controller.BookController        : error
2024-07-11 11:54:12.611  INFO 37660 --- [http-nio-8080-exec-10] com.qfx.controller.BookController        : world
2024-07-11 11:54:12.615  WARN 37660 --- [http-nio-8080-exec-10] com.qfx.controller.BookController        : i
2024-07-11 11:54:12.615 ERROR 37660 --- [http-nio-8080-exec-10] com.qfx.controller.BookController        : error
2024-07-11 11:54:12.768  INFO 37660 --- [http-nio-8080-exec-6] com.qfx.controller.BookController        : world
2024-07-11 11:54:12.768  WARN 37660 --- [http-nio-8080-exec-6] com.qfx.controller.BookController        : i
2024-07-11 11:54:12.770 ERROR 37660 --- [http-nio-8080-exec-6] com.qfx.controller.BookController        : error
2024-07-11 11:54:12.927  INFO 37660 --- [http-nio-8080-exec-7] com.qfx.controller.BookController        : world
2024-07-11 11:54:12.928  WARN 37660 --- [http-nio-8080-exec-7] com.qfx.controller.BookController        : i
2024-07-11 11:54:12.928 ERROR 37660 --- [http-nio-8080-exec-7] com.qfx.controller.BookController        : error
2024-07-11 11:54:13.090  INFO 37660 --- [http-nio-8080-exec-8] com.qfx.controller.BookController        : world
2024-07-11 11:54:13.090  WARN 37660 --- [http-nio-8080-exec-8] com.qfx.controller.BookController        : i
2024-07-11 11:54:13.090 ERROR 37660 --- [http-nio-8080-exec-8] com.qfx.controller.BookController        : error
2024-07-11 11:54:13.245  INFO 37660 --- [http-nio-8080-exec-9] com.qfx.controller.BookController        : world
2024-07-11 11:54:13.247  WARN 37660 --- [http-nio-8080-exec-9] com.qfx.controller.BookController        : i
2024-07-11 11:54:13.247 ERROR 37660 --- [http-nio-8080-exec-9] com.qfx.controller.BookController        : error
2024-07-11 11:54:13.400  INFO 37660 --- [http-nio-8080-exec-5] com.qfx.controller.BookController        : world
2024-07-11 11:54:13.400  WARN 37660 --- [http-nio-8080-exec-5] com.qfx.controller.BookController        : i
2024-07-11 11:54:13.402 ERROR 37660 --- [http-nio-8080-exec-5] com.qfx.controller.BookController        : error
2024-07-11 11:54:13.574  INFO 37660 --- [http-nio-8080-exec-1] com.qfx.controller.BookController        : world
2024-07-11 11:54:13.574  WARN 37660 --- [http-nio-8080-exec-1] com.qfx.controller.BookController        : i
2024-07-11 11:54:13.575 ERROR 37660 --- [http-nio-8080-exec-1] com.qfx.controller.BookController        : error
2024-07-11 11:54:13.736  INFO 37660 --- [http-nio-8080-exec-2] com.qfx.controller.BookController        : world
2024-07-11 11:54:13.737  WARN 37660 --- [http-nio-8080-exec-2] com.qfx.controller.BookController        : i
2024-07-11 11:54:13.737 ERROR 37660 --- [http-nio-8080-exec-2] com.qfx.controller.BookController        : error
2024-07-11 11:54:13.903  INFO 37660 --- [http-nio-8080-exec-3] com.qfx.controller.BookController        : world
2024-07-11 11:54:13.905  WARN 37660 --- [http-nio-8080-exec-3] com.qfx.controller.BookController        : i
2024-07-11 11:54:13.905 ERROR 37660 --- [http-nio-8080-exec-3] com.qfx.controller.BookController        : error
2024-07-11 11:54:14.199  INFO 37660 --- [http-nio-8080-exec-4] com.qfx.controller.BookController        : world
2024-07-11 11:54:14.199  WARN 37660 --- [http-nio-8080-exec-4] com.qfx.controller.BookController        : i
2024-07-11 11:54:14.201 ERROR 37660 --- [http-nio-8080-exec-4] com.qfx.controller.BookController        : error
2024-07-11 11:54:14.375  INFO 37660 --- [http-nio-8080-exec-10] com.qfx.controller.BookController        : world
2024-07-11 11:54:14.375  WARN 37660 --- [http-nio-8080-exec-10] com.qfx.controller.BookController        : i
2024-07-11 11:54:14.375 ERROR 37660 --- [http-nio-8080-exec-10] com.qfx.controller.BookController        : error
2024-07-11 11:54:14.528  INFO 37660 --- [http-nio-8080-exec-6] com.qfx.controller.BookController        : world
2024-07-11 11:54:14.528  WARN 37660 --- [http-nio-8080-exec-6] com.qfx.controller.BookController        : i
2024-07-11 11:54:14.528 ERROR 37660 --- [http-nio-8080-exec-6] com.qfx.controller.BookController        : error
2024-07-11 11:54:14.688  INFO 37660 --- [http-nio-8080-exec-7] com.qfx.controller.BookController        : world
2024-07-11 11:54:14.689  WARN 37660 --- [http-nio-8080-exec-7] com.qfx.controller.BookController        : i
2024-07-11 11:54:14.690 ERROR 37660 --- [http-nio-8080-exec-7] com.qfx.controller.BookController        : error
2024-07-11 11:54:14.847  INFO 37660 --- [http-nio-8080-exec-8] com.qfx.controller.BookController        : world
2024-07-11 11:54:14.848  WARN 37660 --- [http-nio-8080-exec-8] com.qfx.controller.BookController        : i
2024-07-11 11:54:14.850 ERROR 37660 --- [http-nio-8080-exec-8] com.qfx.controller.BookController        : error
2024-07-11 11:54:14.999  INFO 37660 --- [http-nio-8080-exec-9] com.qfx.controller.BookController        : world
2024-07-11 11:54:14.999  WARN 37660 --- [http-nio-8080-exec-9] com.qfx.controller.BookController        : i
2024-07-11 11:54:14.999 ERROR 37660 --- [http-nio-8080-exec-9] com.qfx.controller.BookController        : error
2024-07-11 13:46:41.200  INFO 37660 --- [SpringApplicationShutdownHook] com.alibaba.druid.pool.DruidDataSource   : {dataSource-1} closing ...
2024-07-11 13:46:41.203  INFO 37660 --- [SpringApplicationShutdownHook] com.alibaba.druid.pool.DruidDataSource   : {dataSource-1} closed
2024-07-11 13:52:22.974  INFO 9312 --- [main] com.qfx.Springboot09SsmpApplication      : Starting Springboot09SsmpApplication using Java 1.8.0_333 on SZZW-01-0496 with PID 9312 (D:\server\javastudy\java\springboot_09_ssmp\target\classes started by qinfuxing in D:\server\javastudy\java)
2024-07-11 13:52:22.976  INFO 9312 --- [main] com.qfx.Springboot09SsmpApplication      : The following 1 profile is active: "dev"
2024-07-11 13:52:23.580  INFO 9312 --- [main] o.s.b.w.embedded.tomcat.TomcatWebServer  : Tomcat initialized with port(s): 8080 (http)
2024-07-11 13:52:23.586  INFO 9312 --- [main] o.apache.catalina.core.StandardService   : Starting service [Tomcat]
2024-07-11 13:52:23.586  INFO 9312 --- [main] org.apache.catalina.core.StandardEngine  : Starting Servlet engine: [Apache Tomcat/9.0.68]
2024-07-11 13:52:23.672  INFO 9312 --- [main] o.a.c.c.C.[Tomcat].[localhost].[/]       : Initializing Spring embedded WebApplicationContext
2024-07-11 13:52:23.672  INFO 9312 --- [main] w.s.c.ServletWebServerApplicationContext : Root WebApplicationContext: initialization completed in 668 ms
2024-07-11 13:52:23.715  INFO 9312 --- [main] c.a.d.s.b.a.DruidDataSourceAutoConfigure : Init DruidDataSource
2024-07-11 13:52:23.782  INFO 9312 --- [main] com.alibaba.druid.pool.DruidDataSource   : {dataSource-1} inited
2024-07-11 13:52:24.314  INFO 9312 --- [main] o.s.b.a.w.s.WelcomePageHandlerMapping    : Adding welcome page: class path resource [static/index.html]
2024-07-11 13:52:24.408  INFO 9312 --- [main] o.s.b.w.embedded.tomcat.TomcatWebServer  : Tomcat started on port(s): 8080 (http) with context path ''
2024-07-11 13:52:24.414  INFO 9312 --- [main] com.qfx.Springboot09SsmpApplication      : Started Springboot09SsmpApplication in 1.733 seconds (JVM running for 2.187)
2024-07-11 13:52:34.284  INFO 9312 --- [http-nio-8080-exec-1] o.a.c.c.C.[Tomcat].[localhost].[/]       : Initializing Spring DispatcherServlet 'dispatcherServlet'
2024-07-11 13:52:34.286  INFO 9312 --- [http-nio-8080-exec-1] o.s.web.servlet.DispatcherServlet        : Initializing Servlet 'dispatcherServlet'
2024-07-11 13:52:34.288  INFO 9312 --- [http-nio-8080-exec-1] o.s.web.servlet.DispatcherServlet        : Completed initialization in 1 ms
2024-07-11 13:52:34.307  INFO 9312 --- [http-nio-8080-exec-1] com.qfx.controller.BookController        : world
2024-07-11 13:52:34.308  WARN 9312 --- [http-nio-8080-exec-1] com.qfx.controller.BookController        : i
2024-07-11 13:52:34.309 ERROR 9312 --- [http-nio-8080-exec-1] com.qfx.controller.BookController        : error
2024-07-11 13:54:15.148  INFO 9312 --- [SpringApplicationShutdownHook] com.alibaba.druid.pool.DruidDataSource   : {dataSource-1} closing ...
2024-07-11 13:54:15.153  INFO 9312 --- [SpringApplicationShutdownHook] com.alibaba.druid.pool.DruidDataSource   : {dataSource-1} closed
2024-07-11 13:54:21.923  INFO 22360 --- [main] com.qfx.Springboot09SsmpApplication      : Starting Springboot09SsmpApplication using Java 1.8.0_333 on SZZW-01-0496 with PID 22360 (D:\server\javastudy\java\springboot_09_ssmp\target\classes started by qinfuxing in D:\server\javastudy\java)
2024-07-11 13:54:21.925  INFO 22360 --- [main] com.qfx.Springboot09SsmpApplication      : The following 1 profile is active: "dev"
2024-07-11 13:54:22.562  INFO 22360 --- [main] o.s.b.w.embedded.tomcat.TomcatWebServer  : Tomcat initialized with port(s): 8080 (http)
2024-07-11 13:54:22.567  INFO 22360 --- [main] o.apache.catalina.core.StandardService   : Starting service [Tomcat]
2024-07-11 13:54:22.567  INFO 22360 --- [main] org.apache.catalina.core.StandardEngine  : Starting Servlet engine: [Apache Tomcat/9.0.68]
2024-07-11 13:54:22.652  INFO 22360 --- [main] o.a.c.c.C.[Tomcat].[localhost].[/]       : Initializing Spring embedded WebApplicationContext
2024-07-11 13:54:22.653  INFO 22360 --- [main] w.s.c.ServletWebServerApplicationContext : Root WebApplicationContext: initialization completed in 700 ms
2024-07-11 13:54:22.697  INFO 22360 --- [main] c.a.d.s.b.a.DruidDataSourceAutoConfigure : Init DruidDataSource
2024-07-11 13:54:22.767  INFO 22360 --- [main] com.alibaba.druid.pool.DruidDataSource   : {dataSource-1} inited
2024-07-11 13:54:23.314  INFO 22360 --- [main] o.s.b.a.w.s.WelcomePageHandlerMapping    : Adding welcome page: class path resource [static/index.html]
2024-07-11 13:54:23.402  INFO 22360 --- [main] o.s.b.w.embedded.tomcat.TomcatWebServer  : Tomcat started on port(s): 8080 (http) with context path ''
2024-07-11 13:54:23.408  INFO 22360 --- [main] com.qfx.Springboot09SsmpApplication      : Started Springboot09SsmpApplication in 1.763 seconds (JVM running for 2.215)
2024-07-11 13:54:45.200  INFO 22360 --- [SpringApplicationShutdownHook] com.alibaba.druid.pool.DruidDataSource   : {dataSource-1} closing ...
2024-07-11 13:54:45.202  INFO 22360 --- [SpringApplicationShutdownHook] com.alibaba.druid.pool.DruidDataSource   : {dataSource-1} closed
